Using pre-set license
Built from '2020.2/staging' branch; Version is '2020.2.7f1 (c53830e277f1) revision 12924976'; Using compiler version '192528614'; Build Type 'Release'
OS: 'Windows 10 Pro Education; OS build 19045.5131; Version 2009; 64bit' Language: 'en' Physical Memory: 16233 MB
BatchMode: 1, IsHumanControllingUs: 0, StartBugReporterOnCrash: 0, Is64bit: 1, IsPro: 0

 COMMAND LINE ARGUMENTS:
C:\Program Files\Unity\Editor\Unity.exe
-adb2
-batchMode
-noUpm
-name
AssetImportWorker0
-projectPath
C:/Game/Si Bungkuk Game
-logFile
Logs/AssetImportWorker0.log
-srvPort
54435
Successfully changed project path to: C:/Game/Si Bungkuk Game
C:/Game/Si Bungkuk Game
Using Asset Import Pipeline V2.
Refreshing native plugins compatible for Editor in 78.70 ms, found 1 plugins.
Preloading 0 native plugins for Editor in 0.00 ms.
Initialize engine version: 2020.2.7f1 (c53830e277f1)
[Subsystems] Discovering subsystems at path C:/Program Files/Unity/Editor/Data/Resources/UnitySubsystems
[Subsystems] Discovering subsystems at path C:/Game/Si Bungkuk Game/Assets
GfxDevice: creating device client; threaded=0
Direct3D:
    Version:  Direct3D 11.0 [level 11.1]
    Renderer: Intel(R) UHD Graphics 620 (ID=0x5917)
    Vendor:   
    VRAM:     8116 MB
    Driver:   31.0.101.2111
Initialize mono
Mono path[0] = 'C:/Program Files/Unity/Editor/Data/Managed'
Mono path[1] = 'C:/Program Files/Unity/Editor/Data/MonoBleedingEdge/lib/mono/unityjit'
Mono config path = 'C:/Program Files/Unity/Editor/Data/MonoBleedingEdge/etc'
Using monoOptions --debugger-agent=transport=dt_socket,embedding=1,server=y,suspend=n,address=127.0.0.1:56180
Begin MonoManager ReloadAssembly
Registering precompiled unity dll's ...
Register platform support module: C:/Program Files/Unity/Editor/Data/PlaybackEngines/WindowsStandaloneSupport/UnityEditor.WindowsStandalone.Extensions.dll
Registered in 0.003713 seconds.
Native extension for WindowsStandalone target not found
Refreshing native plugins compatible for Editor in 72.57 ms, found 1 plugins.
Preloading 0 native plugins for Editor in 0.00 ms.
Invoked RoslynAnalysisRunner static constructor.
RoslynAnalysisRunner will not be running.
RoslynAnalysisRunner has terminated.
Mono: successfully reloaded assembly
- Completed reload, in  1.797 seconds
Platform modules already initialized, skipping
Registering precompiled user dll's ...
Registered in 0.002477 seconds.
Begin MonoManager ReloadAssembly
Native extension for WindowsStandalone target not found
Refreshing native plugins compatible for Editor in 245.65 ms, found 1 plugins.
Preloading 0 native plugins for Editor in 0.00 ms.
Invoked RoslynAnalysisRunner static constructor.
RoslynAnalysisRunner will not be running.
RoslynAnalysisRunner has terminated.
Mono: successfully reloaded assembly
- Completed reload, in  4.100 seconds
Platform modules already initialized, skipping
========================================================================
Worker process is ready to serve import requests
Launched and connected shader compiler UnityShaderCompiler.exe after 0.26 seconds
Refreshing native plugins compatible for Editor in 3.86 ms, found 1 plugins.
Preloading 0 native plugins for Editor in 0.00 ms.
Unloading 2307 Unused Serialized files (Serialized files now loaded: 0)
System memory in use before: 103.0 MB.
System memory in use after: 102.4 MB.

Unloading 41 unused Assets to reduce memory usage. Loaded Objects now: 2736.
Total: 16.624700 ms (FindLiveObjects: 0.718100 ms CreateObjectMapping: 0.604200 ms MarkObjects: 12.098300 ms  DeleteObjects: 3.197400 ms)

========================================================================
Received Import Request.
  path: Assets/icon.png
  artifactKey: Guid(d961694704c8a484087daef862463ea6) Importer(815301076,1909f56bfc062723c751e8b465ee728b)
Start importing Assets/icon.png using Guid(d961694704c8a484087daef862463ea6) Importer(815301076,1909f56bfc062723c751e8b465ee728b)  -> (artifact id: 'a8583fb525d9ecf1efb98b2351b10c50') in 0.909369 seconds
  Import took 0.931385 seconds .

========================================================================
Received Import Request.
  Time since last request: 227.646606 seconds.
  path: Assets/Scenes/Finish.prefab
  artifactKey: Guid(705762cd82964134dbaf5595e7fae982) Importer(815301076,1909f56bfc062723c751e8b465ee728b)
Start importing Assets/Scenes/Finish.prefab using Guid(705762cd82964134dbaf5595e7fae982) Importer(815301076,1909f56bfc062723c751e8b465ee728b)  -> (artifact id: '3d27e0ab265376c737792b4090ab982e') in 0.018596 seconds
  Import took 0.023441 seconds .

========================================================================
Received Import Request.
  Time since last request: 0.000333 seconds.
  path: Assets/Scenes/Pause.prefab
  artifactKey: Guid(6868942ff3d57114ca6d0e9e52f01d96) Importer(815301076,1909f56bfc062723c751e8b465ee728b)
Start importing Assets/Scenes/Pause.prefab using Guid(6868942ff3d57114ca6d0e9e52f01d96) Importer(815301076,1909f56bfc062723c751e8b465ee728b)  -> (artifact id: '8dfde63211447b48ec95903d64bd0596') in 0.033007 seconds
  Import took 0.036635 seconds .

========================================================================
Received Import Request.
  Time since last request: 1.997578 seconds.
  path: Assets/Scenes/Main Menu.unity
  artifactKey: Guid(ee30f0bb577a69e4c811fd9e0cb144de) Importer(815301076,1909f56bfc062723c751e8b465ee728b)
Start importing Assets/Scenes/Main Menu.unity using Guid(ee30f0bb577a69e4c811fd9e0cb144de) Importer(815301076,1909f56bfc062723c751e8b465ee728b)  -> (artifact id: '4beb01b90fa63a61cfc85ac8dd87288d') in 0.012840 seconds
  Import took 0.016559 seconds .

========================================================================
Received Import Request.
  Time since last request: 0.007361 seconds.
  path: Assets/Scenes/Main Menu.unity
  artifactKey: Guid(ee30f0bb577a69e4c811fd9e0cb144de) Importer(815301076,1909f56bfc062723c751e8b465ee728b)
Start importing Assets/Scenes/Main Menu.unity using Guid(ee30f0bb577a69e4c811fd9e0cb144de) Importer(815301076,1909f56bfc062723c751e8b465ee728b)  -> (artifact id: '4beb01b90fa63a61cfc85ac8dd87288d') in 0.002831 seconds
  Import took 0.007412 seconds .

AssetImportWorkerClient::OnTransportError - code=2 error=End of file
